e:\git_ipu\sheet\lpheatmap\x64\debug\lpheatmap.obj
e:\git_ipu\sheet\lpheatmap\x64\debug\gridwidget.obj
e:\git_ipu\sheet\lpheatmap\x64\debug\vc141.pdb
e:\git_ipu\sheet\lpheatmap\x64\debug\dataprocessthread.obj
e:\git_ipu\sheet\lpheatmap\x64\debug\moc_lpheatmap_global.obj
e:\git_ipu\sheet\lpheatmap\x64\debug\moc_lpheatmap.obj
e:\git_ipu\sheet\lpheatmap\x64\debug\moc_dataprocessthread.obj
e:\git_ipu\soft_dev\runner17\x64\lpheatmapd.dll
e:\git_ipu\soft_dev\runner17\x64\lpheatmapd.ilk
e:\git_ipu\soft_dev\runner17\x64\lpheatmapd.pdb
e:\git_ipu\soft_dev\runner17\x64\lpheatmapd.lib
e:\git_ipu\soft_dev\runner17\x64\lpheatmapd.exp
e:\git_ipu\sheet\lpheatmap\generatedfiles\debug\moc_dataprocessthread.cpp
e:\git_ipu\sheet\lpheatmap\generatedfiles\debug\moc_lpheatmap.cpp
e:\git_ipu\sheet\lpheatmap\generatedfiles\debug\moc_lpheatmap_global.cpp
e:\git_ipu\sheet\lpheatmap\.\generatedfiles\debug\moc_dataprocessthread.cpp
e:\git_ipu\sheet\lpheatmap\.\generatedfiles\debug\moc_lpheatmap.cpp
e:\git_ipu\sheet\lpheatmap\.\generatedfiles\debug\moc_lpheatmap_global.cpp
e:\git_ipu\soft_dev\tpvs17\..\runner17\x64\lpheatmapd.pdb
e:\git_ipu\soft_dev\tpvs17\..\runner17\x64\lpheatmapd.dll
e:\git_ipu\soft_dev\tpvs17\..\runner17\x64\lpheatmapd.ilk
e:\git_ipu\sheet\lpheatmap\x64\debug\lpheatmap.tlog\cl.command.1.tlog
e:\git_ipu\sheet\lpheatmap\x64\debug\lpheatmap.tlog\cl.read.1.tlog
e:\git_ipu\sheet\lpheatmap\x64\debug\lpheatmap.tlog\cl.write.1.tlog
e:\git_ipu\sheet\lpheatmap\x64\debug\lpheatmap.tlog\link.13748.delete.1.tlog
e:\git_ipu\sheet\lpheatmap\x64\debug\lpheatmap.tlog\link.command.1.tlog
e:\git_ipu\sheet\lpheatmap\x64\debug\lpheatmap.tlog\link.read.1.tlog
e:\git_ipu\sheet\lpheatmap\x64\debug\lpheatmap.tlog\link.write.1.tlog
e:\git_ipu\sheet\lpheatmap\x64\debug\lpheatmap.tlog\lpheatmap.write.1u.tlog
e:\git_ipu\sheet\lpheatmap\x64\debug\lpheatmap.tlog\moc.read.1u.tlog
e:\git_ipu\sheet\lpheatmap\x64\debug\lpheatmap.tlog\moc.write.1u.tlog
